<?xml version="1.0" encoding="UTF-8"?>
<testsuite xmlns:xsi="http://www.w3.org/2001/XMLSchema-instance" xsi:noNamespaceSchemaLocation="https://maven.apache.org/surefire/maven-surefire-plugin/xsd/surefire-test-report-3.0.xsd" version="3.0" name="BDD.TestRunner" time="14.404" tests="1" errors="0" skipped="0" failures="0">
  <properties>
[...]
</properties>
  <testcase name="runScenario[&quot;Test valid login&quot;, &quot;Login LetsGetChecked&quot;](1)" classname="BDD.TestRunner" time="13.168">
    <system-out><![CDATA[
@multi
Scenario Outline: Test valid login      &amp#27;[90m# src/test/resources/BDDPOMlogin001.feature:12&amp#27;[0m
  &amp#27;[32mGiven &amp#27;[0m&amp#27;[32mI am using Selenium on &amp#27;[0m&amp#27;[32m&amp#27;[1m"chrome"&amp#27;[0m &amp#27;[90m# BDD.steps.LoginSteps.i_am_using_selenium_on(java.lang.String)&amp#27;[0m
  &amp#27;[32mAnd &amp#27;[0m&amp#27;[32mI am at LGC login page&amp#27;[0m            &amp#27;[90m# BDD.steps.LoginSteps.i_am_at_lgc_login_page()&amp#27;[0m
  &amp#27;[32mAnd &amp#27;[0m&amp#27;[32mI insert valid data&amp#27;[0m               &amp#27;[90m# BDD.steps.LoginSteps.i_insert_valid_data()&amp#27;[0m
  &amp#27;[32mAnd &amp#27;[0m&amp#27;[32mI click to sign in button&amp#27;[0m         &amp#27;[90m# BDD.steps.LoginSteps.i_click_to_sign_in_button()&amp#27;[0m
  &amp#27;[32mThen &amp#27;[0m&amp#27;[32mI will be at dashboard&amp#27;[0m           &amp#27;[90m# BDD.steps.LoginSteps.i_will_be_at_dashboard()&amp#27;[0m
]]></system-out>
    <system-err><![CDATA[SLF4J: Failed to load class "org.slf4j.impl.StaticLoggerBinder".
SLF4J: Defaulting to no-operation (NOP) logger implementation
SLF4J: See http://www.slf4j.org/codes.html#StaticLoggerBinder for further details.
mai. 27, 2024 9:11:47 PM org.openqa.selenium.devtools.CdpVersionFinder findNearestMatch
WARNING: Unable to find CDP implementation matching 125
mai. 27, 2024 9:11:47 PM org.openqa.selenium.chromium.ChromiumDriver lambda$new$5
WARNING: Unable to find version of CDP to use for 125.0.6422.77. You may need to include a dependency on a specific version of the CDP using something similar to `org.seleniumhq.selenium:selenium-devtools-v86:4.16.1` where the version ("v86") matches the version of the chromium-based browser you're using and the version number of the artifact is the same as Selenium's.
]]></system-err>
  </testcase>
</testsuite>