<?xml version="1.0" encoding="UTF-8"?>
<testng-results ignored="0" total="1" passed="1" failed="0" skipped="0">
  <reporter-output>
  </reporter-output>
  <suite started-at="2024-05-27T21:11:44 WEST" name="Surefire suite" finished-at="2024-05-27T21:11:58 WEST" duration-ms="14117">
    <groups>
      <group name="cucumber">
        <method signature="AbstractTestNGCucumberTests.runScenario(io.cucumber.testng.PickleWrapper,io.cucumber.testng.FeatureWrapper)[pri:0, instance:BDD.TestRunner@3daa422a]" name="runScenario" class="io.cucumber.testng.AbstractTestNGCucumberTests"/>
      </group> <!-- cucumber -->
    </groups>
    <test started-at="2024-05-27T21:11:44 WEST" name="Surefire test" finished-at="2024-05-27T21:11:58 WEST" duration-ms="14117">
      <class name="BDD.TestRunner">
        <test-method is-config="true" signature="setUpClass(org.testng.ITestContext)[pri:0, instance:BDD.TestRunner@3daa422a]" started-at="2024-05-27T21:11:44 WEST" name="setUpClass" finished-at="2024-05-27T21:11:45 WEST" duration-ms="450" status="PASS">
          <params>
            <param index="0">
              <value>
                <![CDATA[org.testng.TestRunner@229f66ed]]>
              </value>
            </param>
          </params>
          <reporter-output>
          </reporter-output>
        </test-method> <!-- setUpClass -->
        <test-method signature="runScenario(io.cucumber.testng.PickleWrapper,io.cucumber.testng.FeatureWrapper)[pri:0, instance:BDD.TestRunner@3daa422a]" started-at="2024-05-27T21:11:45 WEST" name="runScenario" description="Runs Cucumber Scenarios" data-provider="scenarios" finished-at="2024-05-27T21:11:58 WEST" duration-ms="13167" status="PASS">
          <params>
            <param index="0">
              <value>
                <![CDATA["Test valid login"]]>
              </value>
            </param>
            <param index="1">
              <value>
                <![CDATA["Login LetsGetChecked"]]>
              </value>
            </param>
          </params>
          <reporter-output>
          </reporter-output>
        </test-method> <!-- runScenario -->
        <test-method is-config="true" signature="tearDownClass()[pri:0, instance:BDD.TestRunner@3daa422a]" started-at="2024-05-27T21:11:58 WEST" name="tearDownClass" finished-at="2024-05-27T21:11:58 WEST" duration-ms="473" status="PASS">
          <reporter-output>
          </reporter-output>
        </test-method> <!-- tearDownClass -->
      </class> <!-- BDD.TestRunner -->
    </test> <!-- Surefire test -->
  </suite> <!-- Surefire suite -->
</testng-results>
